<?xml version="1.0" encoding="UTF-8"?>
<!-- Generated by org.testng.reporters.JUnitXMLReporter -->
<testsuite ignored="0" hostname="AFZAL" failures="1" tests="1" name="Test" time="14.41" errors="0" timestamp="2024-09-28T23:30:03 IST">
  <testcase classname="TestCases.TC001_SearchBoxTest" name="SearchTest" time="11.846">
    <failure type="java.lang.AssertionError" message="null">
      <![CDATA[java.lang.AssertionError: null
at TestCases.TC001_SearchBoxTest.SearchTest(TC001_SearchBoxTest.java:45)
at java.base/java.util.ArrayList.forEach(ArrayList.java:1511)
... Removed 29 stack frames]]>
    </failure>
  </testcase> <!-- SearchTest -->
</testsuite> <!-- Test -->
